<?xml version="1.0" encoding="UTF-8"?>
<testsuite xmlns:xsi="http://www.w3.org/2001/XMLSchema-instance" xsi:noNamespaceSchemaLocation="https://maven.apache.org/surefire/maven-surefire-plugin/xsd/surefire-test-report-3.0.xsd" version="3.0" name="com.msp.realestate.UserTest" time="0.11" tests="6" errors="0" skipped="0" failures="0">
  <properties>
[...]
</properties>
  <testcase name="testUserFieldModification" classname="com.msp.realestate.UserTest" time="0.047"/>
  <testcase name="testUserIdField" classname="com.msp.realestate.UserTest" time="0.0"/>
  <testcase name="testUserFieldIndependence" classname="com.msp.realestate.UserTest" time="0.012"/>
  <testcase name="testMultipleUsers" classname="com.msp.realestate.UserTest" time="0.002"/>
  <testcase name="testUserWithEmptyEmail" classname="com.msp.realestate.UserTest" time="0.0"/>
  <testcase name="testUserCreation" classname="com.msp.realestate.UserTest" time="0.002"/>
</testsuite>